Internal ctest changing into directory: D:/projects/2024-misis-fall/misis2024f-24-01-evstigneev-d-a/build.check
Test project D:/projects/2024-misis-fall/misis2024f-24-01-evstigneev-d-a/build.check
    Start 1: doctest_arrayd
    Start 2: doctest_arrayt
    Start 3: doctest_complex
    Start 4: doctest_complex_io
    Start 5: doctest_rational
    Start 6: doctest_rational_io
    Start 7: doctest_queuea
Could not find executable D:/projects/2024-misis-fall/misis2024f-24-01-evstigneev-d-a/bin.check/doctest_queuea.exe
Looked in the following places:
D:/projects/2024-misis-fall/misis2024f-24-01-evstigneev-d-a/bin.check/doctest_queuea.exe
D:/projects/2024-misis-fall/misis2024f-24-01-evstigneev-d-a/bin.check/doctest_queuea.exe.exe
D:/projects/2024-misis-fall/misis2024f-24-01-evstigneev-d-a/bin.check/Release/doctest_queuea.exe
D:/projects/2024-misis-fall/misis2024f-24-01-evstigneev-d-a/bin.check/Release/doctest_queuea.exe.exe
Release/D:/projects/2024-misis-fall/misis2024f-24-01-evstigneev-d-a/bin.check/doctest_queuea.exe
Release/D:/projects/2024-misis-fall/misis2024f-24-01-evstigneev-d-a/bin.check/doctest_queuea.exe.exe
1/8 Test #7: doctest_queuea ...................***Not Run   0.00 sec
    Start 8: doctest_stackl
2/8 Test #1: doctest_arrayd ...................   Passed    2.16 sec
3/8 Test #2: doctest_arrayt ...................   Passed    2.11 sec
4/8 Test #3: doctest_complex ..................   Passed    0.45 sec
5/8 Test #4: doctest_complex_io ...............***Failed    0.38 sec
6/8 Test #5: doctest_rational .................   Passed    0.28 sec
7/8 Test #6: doctest_rational_io ..............***Failed    0.14 sec
8/8 Test #8: doctest_stackl ...................   Passed    0.06 sec

63% tests passed, 3 tests failed out of 8

Total Test time (real) =   2.17 sec

The following tests FAILED:
	  4 - doctest_complex_io (Failed)
	  6 - doctest_rational_io (Failed)
	  7 - doctest_queuea (Not Run)
